0 info it worked if it ends with ok
1 verbose cli [ 'C:\\Program Files\\nodejs\\node.exe',
1 verbose cli   'C:\\Program Files\\nodejs\\node_modules\\npm\\bin\\npm-cli.js',
1 verbose cli   'run',
1 verbose cli   'test' ]
2 info using npm@3.10.10
3 info using node@v6.10.3
4 verbose run-script [ 'pretest', 'test', 'posttest' ]
5 info lifecycle event-manager@1.0.0~pretest: event-manager@1.0.0
6 silly lifecycle event-manager@1.0.0~pretest: no script for pretest, continuing
7 info lifecycle event-manager@1.0.0~test: event-manager@1.0.0
8 verbose lifecycle event-manager@1.0.0~test: unsafe-perm in lifecycle true
9 verbose lifecycle event-manager@1.0.0~test: PATH: C:\Program Files\nodejs\node_modules\npm\bin\node-gyp-bin;C:\Users\user\Documents\Visual Studio 2015\Projects\EventManager\node_modules\.bin;C:\Program Files (x86)\iis express\PHP\v5.6;C:\ProgramData\Oracle\Java\javapath;C:\Windows\system32;C:\Windows;C:\Windows\System32\Wbem;C:\Windows\System32\WindowsPowerShell\v1.0\;C:\Program Files (x86)\Microsoft ASP.NET\ASP.NET Web Pages\v1.0\;C:\Program Files\Microsoft SQL Server\110\Tools\Binn\;C:\Program Files\MATLAB\R2014b\runtime\win64;C:\Program Files\MATLAB\R2014b\bin;C:\Users\user\.dnx\bin;C:\Program Files\Microsoft DNX\Dnvm\;C:\Program Files\Microsoft SQL Server\120\Tools\Binn\;C:\Program Files\Microsoft\Web Platform Installer\;C:\Program Files (x86)\Microsoft VS Code\bin;C:\Program Files (x86)\Windows Kits\8.1\Windows Performance Toolkit\;C:\Program Files\Microsoft SQL Server\Client SDK\ODBC\110\Tools\Binn\;C:\Program Files (x86)\Microsoft SQL Server\120\Tools\Binn\;C:\Program Files\Microsoft SQL Server\120\DTS\Binn\;C:\Program Files (x86)\Microsoft SQL Server\120\Tools\Binn\ManagementStudio\;C:\Program Files (x86)\Microsoft SQL Server\120\DTS\Binn\;C:\Program Files\Microsoft SQL Server\130\Tools\Binn\;C:\Program Files\nodejs\;C:\Program Files\dotnet\;C:\Program Files\Git\cmd;C:\Users\user\AppData\Roaming\npm;C:\Program Files\Microsoft VS Code\bin;C:\Program Files\Heroku\bin
10 verbose lifecycle event-manager@1.0.0~test: CWD: C:\Users\user\Documents\Visual Studio 2015\Projects\EventManager
11 silly lifecycle event-manager@1.0.0~test: Args: [ '/d /s /c',
11 silly lifecycle   'nyc --reporter=html --reporter=text mocha ./Server/tests/ --compilers js:babel-register' ]
12 silly lifecycle event-manager@1.0.0~test: Returned: code: 2  signal: null
13 info lifecycle event-manager@1.0.0~test: Failed to exec test script
14 verbose stack Error: event-manager@1.0.0 test: `nyc --reporter=html --reporter=text mocha ./Server/tests/ --compilers js:babel-register`
14 verbose stack Exit status 2
14 verbose stack     at EventEmitter.<anonymous> (C:\Program Files\nodejs\node_modules\npm\lib\utils\lifecycle.js:255:16)
14 verbose stack     at emitTwo (events.js:106:13)
14 verbose stack     at EventEmitter.emit (events.js:191:7)
14 verbose stack     at ChildProcess.<anonymous> (C:\Program Files\nodejs\node_modules\npm\lib\utils\spawn.js:40:14)
14 verbose stack     at emitTwo (events.js:106:13)
14 verbose stack     at ChildProcess.emit (events.js:191:7)
14 verbose stack     at maybeClose (internal/child_process.js:886:16)
14 verbose stack     at Process.ChildProcess._handle.onexit (internal/child_process.js:226:5)
15 verbose pkgid event-manager@1.0.0
16 verbose cwd C:\Users\user\Documents\Visual Studio 2015\Projects\EventManager
17 error Windows_NT 10.0.10240
18 error argv "C:\\Program Files\\nodejs\\node.exe" "C:\\Program Files\\nodejs\\node_modules\\npm\\bin\\npm-cli.js" "run" "test"
19 error node v6.10.3
20 error npm  v3.10.10
21 error code ELIFECYCLE
22 error event-manager@1.0.0 test: `nyc --reporter=html --reporter=text mocha ./Server/tests/ --compilers js:babel-register`
22 error Exit status 2
23 error Failed at the event-manager@1.0.0 test script 'nyc --reporter=html --reporter=text mocha ./Server/tests/ --compilers js:babel-register'.
23 error Make sure you have the latest version of node.js and npm installed.
23 error If you do, this is most likely a problem with the event-manager package,
23 error not with npm itself.
23 error Tell the author that this fails on your system:
23 error     nyc --reporter=html --reporter=text mocha ./Server/tests/ --compilers js:babel-register
23 error You can get information on how to open an issue for this project with:
23 error     npm bugs event-manager
23 error Or if that isn't available, you can get their info via:
23 error     npm owner ls event-manager
23 error There is likely additional logging output above.
24 verbose exit [ 1, true ]
